TN:
SF:src/modules/appointments/services/CreateAppointmentService.ts
FN:14,(anonymous_18)
FN:15,CreateAppointmentService
FN:20,(anonymous_20)
FNF:3
FNH:3
FNDA:1,(anonymous_18)
FNDA:4,CreateAppointmentService
FNDA:5,(anonymous_20)
DA:1,1
DA:3,1
DA:4,1
DA:14,1
DA:17,4
DA:20,1
DA:21,5
DA:22,5
DA:23,5
DA:25,5
DA:27,5
DA:28,1
DA:31,4
DA:32,1
DA:35,3
DA:39,3
DA:40,1
DA:43,2
DA:49,2
DA:51,1
DA:53,1
LF:21
LH:21
BRDA:27,0,0,1
BRDA:27,0,1,4
BRDA:31,1,0,1
BRDA:31,1,1,3
BRDA:39,2,0,1
BRDA:39,2,1,2
BRF:6
BRH:6
end_of_record
TN:
SF:src/modules/appointments/services/ListProviderDayAvailabilityService.ts
FN:19,(anonymous_17)
FN:20,ListProviderDayAvailabilityService
FN:25,(anonymous_19)
FN:45,(anonymous_22)
FN:49,(anonymous_23)
FN:51,(anonymous_24)
FNF:6
FNH:0
FNDA:0,(anonymous_17)
FNDA:0,ListProviderDayAvailabilityService
FNDA:0,(anonymous_19)
FNDA:0,(anonymous_22)
FNDA:0,(anonymous_23)
FNDA:0,(anonymous_24)
DA:1,0
DA:4,0
DA:19,0
DA:22,0
DA:25,0
DA:26,0
DA:27,0
DA:28,0
DA:29,0
DA:31,0
DA:42,0
DA:43,0
DA:45,0
DA:47,0
DA:49,0
DA:50,0
DA:51,0
DA:54,0
DA:56,0
DA:62,0
DA:64,0
DA:66,0
LF:22
LH:0
BRDA:31,0,0,0
BRDA:58,1,0,0
BRDA:58,1,1,0
BRF:3
BRH:0
end_of_record
TN:
SF:src/modules/appointments/services/ListProviderMonthAvailabilityService.ts
FN:18,(anonymous_17)
FN:19,ListProviderMonthAvailabilityService
FN:24,(anonymous_19)
FN:41,(anonymous_22)
FN:44,(anonymous_23)
FN:45,(anonymous_24)
FNF:6
FNH:0
FNDA:0,(anonymous_17)
FNDA:0,ListProviderMonthAvailabilityService
FNDA:0,(anonymous_19)
FNDA:0,(anonymous_22)
FNDA:0,(anonymous_23)
FNDA:0,(anonymous_24)
DA:1,0
DA:4,0
DA:18,0
DA:21,0
DA:24,0
DA:25,0
DA:26,0
DA:27,0
DA:29,0
DA:37,0
DA:39,0
DA:41,0
DA:44,0
DA:45,0
DA:46,0
DA:49,0
DA:55,0
DA:57,0
DA:59,0
LF:19
LH:0
BRDA:29,0,0,0
BRF:1
BRH:0
end_of_record
TN:
SF:src/modules/appointments/services/ListProvidersService.ts
FN:10,(anonymous_17)
FN:11,ListProvidersService
FN:15,(anonymous_19)
FNF:3
FNH:0
FNDA:0,(anonymous_17)
FNDA:0,ListProvidersService
FNDA:0,(anonymous_19)
DA:1,0
DA:10,0
DA:12,0
DA:15,0
DA:16,0
DA:20,0
DA:22,0
DA:24,0
LF:8
LH:0
BRDA:16,0,0,0
BRF:1
BRH:0
end_of_record
TN:
SF:src/modules/users/services/AuthenticateUserService.ts
FN:22,(anonymous_18)
FN:23,AuthenticateUserService
FN:28,(anonymous_20)
FNF:3
FNH:0
FNDA:0,(anonymous_18)
FNDA:0,AuthenticateUserService
FNDA:0,(anonymous_20)
DA:1,0
DA:2,0
DA:3,0
DA:5,0
DA:22,0
DA:24,0
DA:25,0
DA:28,0
DA:29,0
DA:30,0
DA:31,0
DA:34,0
DA:39,0
DA:40,0
DA:43,0
DA:45,0
DA:50,0
DA:55,0
DA:57,0
LF:19
LH:0
BRDA:29,0,0,0
BRDA:30,1,0,0
BRDA:30,1,1,0
BRDA:39,2,0,0
BRDA:39,2,1,0
BRF:5
BRH:0
end_of_record
TN:
SF:src/modules/users/services/CreateUserService.ts
FN:14,(anonymous_18)
FN:15,CreateUserService
FN:20,(anonymous_20)
FNF:3
FNH:0
FNDA:0,(anonymous_18)
FNDA:0,CreateUserService
FNDA:0,(anonymous_20)
DA:1,0
DA:2,0
DA:14,0
DA:16,0
DA:17,0
DA:20,0
DA:21,0
DA:23,0
DA:24,0
DA:27,0
DA:29,0
DA:35,0
DA:37,0
DA:39,0
LF:14
LH:0
BRDA:21,0,0,0
BRDA:23,1,0,0
BRDA:23,1,1,0
BRF:3
BRH:0
end_of_record
TN:
SF:src/modules/users/services/ResetPasswordService.ts
FN:15,(anonymous_18)
FN:16,ResetPasswordService
FN:24,(anonymous_20)
FNF:3
FNH:0
FNDA:0,(anonymous_18)
FNDA:0,ResetPasswordService
FNDA:0,(anonymous_20)
DA:1,0
DA:2,0
DA:3,0
DA:15,0
DA:17,0
DA:19,0
DA:21,0
DA:24,0
DA:25,0
DA:27,0
DA:28,0
DA:31,0
DA:33,0
DA:34,0
DA:37,0
DA:38,0
DA:40,0
DA:41,0
DA:43,0
DA:45,0
DA:47,0
DA:49,0
LF:22
LH:0
BRDA:25,0,0,0
BRDA:27,1,0,0
BRDA:27,1,1,0
BRDA:33,2,0,0
BRDA:33,2,1,0
BRDA:40,3,0,0
BRDA:40,3,1,0
BRF:7
BRH:0
end_of_record
TN:
SF:src/modules/users/services/SendForgotPasswordEmailService.ts
FN:13,(anonymous_18)
FN:14,SendForgotPasswordEmailService
FN:21,(anonymous_20)
FNF:3
FNH:0
FNDA:0,(anonymous_18)
FNDA:0,SendForgotPasswordEmailService
FNDA:0,(anonymous_20)
DA:1,0
DA:3,0
DA:4,0
DA:13,0
DA:15,0
DA:16,0
DA:18,0
DA:21,0
DA:22,0
DA:24,0
DA:25,0
DA:28,0
DA:30,0
DA:37,0
DA:52,0
DA:54,0
LF:16
LH:0
BRDA:22,0,0,0
BRDA:24,1,0,0
BRDA:24,1,1,0
BRF:3
BRH:0
end_of_record
TN:
SF:src/modules/users/services/ShowProfileService.ts
FN:11,(anonymous_18)
FN:12,ShowProfileService
FN:16,(anonymous_20)
FNF:3
FNH:0
FNDA:0,(anonymous_18)
FNDA:0,ShowProfileService
FNDA:0,(anonymous_20)
DA:1,0
DA:2,0
DA:11,0
DA:13,0
DA:16,0
DA:17,0
DA:19,0
DA:20,0
DA:23,0
DA:25,0
DA:27,0
LF:11
LH:0
BRDA:17,0,0,0
BRDA:19,1,0,0
BRDA:19,1,1,0
BRF:3
BRH:0
end_of_record
TN:
SF:src/modules/users/services/UpdateProfileService.ts
FN:16,(anonymous_18)
FN:17,UpdateProfileService
FN:22,(anonymous_20)
FNF:3
FNH:0
FNDA:0,(anonymous_18)
FNDA:0,UpdateProfileService
FNDA:0,(anonymous_20)
DA:1,0
DA:2,0
DA:16,0
DA:18,0
DA:19,0
DA:22,0
DA:23,0
DA:24,0
DA:25,0
DA:26,0
DA:27,0
DA:29,0
DA:31,0
DA:32,0
DA:35,0
DA:37,0
DA:38,0
DA:41,0
DA:42,0
DA:44,0
DA:45,0
DA:48,0
DA:49,0
DA:54,0
DA:55,0
DA:59,0
DA:60,0
DA:63,0
DA:65,0
DA:67,0
LF:30
LH:0
BRDA:29,0,0,0
BRDA:29,0,1,0
BRDA:31,1,0,0
BRDA:31,1,1,0
BRDA:37,2,0,0
BRDA:37,2,1,0
BRDA:37,3,0,0
BRDA:37,3,1,0
BRDA:44,4,0,0
BRDA:44,4,1,0
BRDA:44,5,0,0
BRDA:44,5,1,0
BRDA:48,6,0,0
BRDA:48,6,1,0
BRDA:48,7,0,0
BRDA:48,7,1,0
BRDA:54,8,0,0
BRDA:54,8,1,0
BRDA:59,9,0,0
BRDA:59,9,1,0
BRF:20
BRH:0
end_of_record
TN:
SF:src/modules/users/services/UpdateUserAvatarService.ts
FN:13,(anonymous_18)
FN:14,UpdateUserAvatarSerice
FN:19,(anonymous_20)
FNF:3
FNH:0
FNDA:0,(anonymous_18)
FNDA:0,UpdateUserAvatarSerice
FNDA:0,(anonymous_20)
DA:1,0
DA:2,0
DA:13,0
DA:15,0
DA:16,0
DA:19,0
DA:20,0
DA:21,0
DA:22,0
DA:25,0
DA:26,0
DA:29,0
DA:31,0
DA:33,0
DA:35,0
DA:37,0
DA:39,0
LF:17
LH:0
BRDA:20,0,0,0
BRDA:20,0,1,0
BRDA:21,1,0,0
BRDA:21,1,1,0
BRDA:25,2,0,0
BRDA:25,2,1,0
BRF:6
BRH:0
end_of_record
